#
# A fatal error has been detected by the Java Runtime Environment:
#
#  EXCEPTION_ACCESS_VIOLATION (0xc0000005) at pc=0x00007ff97c74cefc, pid=5524, tid=10320
#
# JRE version: Java(TM) SE Runtime Environment (17.0.8+9) (build 17.0.8+9-LTS-211)
# Java VM: Java HotSpot(TM) 64-Bit Server VM (17.0.8+9-LTS-211, mixed mode, sharing, tiered, compressed oops, compressed class ptrs, g1 gc, windows-amd64)
# Problematic frame:
# C  [lwjgl_opengl.dll+0xcefc]
#
# No core dump will be written. Minidumps are not enabled by default on client versions of Windows
#
# If you would like to submit a bug report, please visit:
#   https://bugreport.java.com/bugreport/crash.jsp
# The crash happened outside the Java Virtual Machine in native code.
# See problematic frame for where to report the bug.
#

---------------  S U M M A R Y ------------

Command Line: -XX:+ShowCodeDetailsInExceptionMessages com.example.Main

Host: AMD Ryzen 5 5600H with Radeon Graphics         , 12 cores, 31G,  Windows 11 , 64 bit Build 22621 (10.0.22621.2215)
Time: Tue Sep 26 15:27:54 2023 SE Asia Standard Time elapsed time: 0.364618 seconds (0d 0h 0m 0s)

---------------  T H R E A D  ---------------

Current thread (0x000001f0cd31b690):  JavaThread "main" [_thread_in_native, id=10320, stack(0x000000308b300000,0x000000308b400000)]

Stack: [0x000000308b300000,0x000000308b400000],  sp=0x000000308b3ff0c8,  free space=1020k
Native frames: (J=compiled Java code, j=interpreted, Vv=VM code, C=native code)
C  [lwjgl_opengl.dll+0xcefc]

Java frames: (J=compiled Java code, j=interpreted, Vv=VM code)
j  org.lwjgl.opengl.GL11C.glViewport(IIII)V+0
j  org.lwjgl.opengl.GL11.glViewport(IIII)V+4
j  com.example.Main.init()V+100
j  com.example.Main.run()V+30
j  com.example.Main.main([Ljava/lang/String;)V+7
v  ~StubRoutines::call_stub

siginfo: EXCEPTION_ACCESS_VIOLATION (0xc0000005), reading address 0x0000000000000a78


Register to memory mapping:

RIP=0x00007ff97c74cefc lwjgl_opengl.dll
RAX=0x000001f0c53234d0 points into unknown readable memory: 0x0000000000000000 | 00 00 00 00 00 00 00 00
RBX={method} {0x000001f0c153e340} 'glViewport' '(IIII)V' in 'org/lwjgl/opengl/GL11C'
RCX=0x0 is NULL
RDX=0x0 is NULL
RSP=0x000000308b3ff0c8 is pointing into the stack for thread: 0x000001f0cd31b690
RBP=0x000000308b3ff158 is pointing into the stack for thread: 0x000001f0cd31b690
RSI=0x0 is NULL
RDI=0x000001f0dd8b94fe is at code_begin+1118 in an Interpreter codelet
return entry points  [0x000001f0dd8b90a0, 0x000001f0dd8b9ba0]  2816 bytes
R8 =0x0000000000000500 is an unknown value
R9 =0x00000000000002d0 is an unknown value
R10=0x0 is NULL
R11=0x00000006293309d8 is an oop: java.lang.Class 
{0x00000006293309d8} - klass: 'java/lang/Class'
 - ---- fields (total size 116 words):
 - private volatile transient 'classRedefinedCount' 'I' @12  0
 - private volatile transient 'cachedConstructor' 'Ljava/lang/reflect/Constructor;' @40  NULL (0)
 - private transient 'name' 'Ljava/lang/String;' @44  "org.lwjgl.opengl.GL11C"{0x0000000629330d88} (c52661b1)
 - private transient 'module' 'Ljava/lang/Module;' @48  a 'java/lang/Module'{0x00000006298f9968} (c531f32d)
 - private final 'classLoader' 'Ljava/lang/ClassLoader;' @52  a 'jdk/internal/loader/ClassLoaders$AppClassLoader'{0x00000006298f97a8} (c531f2f5)
 - private transient 'classData' 'Ljava/lang/Object;' @56  NULL (0)
 - private transient 'packageName' 'Ljava/lang/String;' @60  "org.lwjgl.opengl"{0x0000000629275ba0} (c524eb74)
 - private final 'componentType' 'Ljava/lang/Class;' @64  NULL (0)
 - private volatile transient 'reflectionData' 'Ljava/lang/ref/SoftReference;' @68  NULL (0)
 - private volatile transient 'genericInfo' 'Lsun/reflect/generics/repository/ClassRepository;' @72  NULL (0)
 - private volatile transient 'enumConstants' '[Ljava/lang/Object;' @76  NULL (0)
 - private volatile transient 'enumConstantDirectory' 'Ljava/util/Map;' @80  NULL (0)
 - private volatile transient 'annotationData' 'Ljava/lang/Class$AnnotationData;' @84  NULL (0)
 - private volatile transient 'annotationType' 'Lsun/reflect/annotation/AnnotationType;' @88  NULL (0)
 - transient 'classValueMap' 'Ljava/lang/ClassValue$ClassValueMap;' @92  NULL (0)
 - signature: Lorg/lwjgl/opengl/GL11C;
 - fake entry for mirror: 'org/lwjgl/opengl/GL11C'
 - fake entry for array: NULL
 - fake entry for oop_size: 116
 - fake entry for static_oop_field_count: 0
 - public static final 'GL_NEVER' 'I' @112  512 (200)
 - public static final 'GL_LESS' 'I' @116  513 (201)
 - public static final 'GL_EQUAL' 'I' @120  514 (202)
 - public static final 'GL_LEQUAL' 'I' @124  515 (203)
 - public static final 'GL_GREATER' 'I' @128  516 (204)
 - public static final 'GL_NOTEQUAL' 'I' @132  517 (205)
 - public static final 'GL_GEQUAL' 'I' @136  518 (206)
 - public static final 'GL_ALWAYS' 'I' @140  519 (207)
 - public static final 'GL_DEPTH_BUFFER_BIT' 'I' @144  256 (100)
 - public static final 'GL_STENCIL_BUFFER_BIT' 'I' @148  1024 (400)
 - public static final 'GL_COLOR_BUFFER_BIT' 'I' @152  16384 (4000)
 - public static final 'GL_POINTS' 'I' @156  0
 - public static final 'GL_LINES' 'I' @160  1
 - public static final 'GL_LINE_LOOP' 'I' @164  2
 - public static final 'GL_LINE_STRIP' 'I' @168  3
 - public static final 'GL_TRIANGLES' 'I' @172  4
 - public static final 'GL_TRIANGLE_STRIP' 'I' @176  5
 - public static final 'GL_TRIANGLE_FAN' 'I' @180  6
 - public static final 'GL_QUADS' 'I' @184  7
 - public static final 'GL_ZERO' 'I' @188  0
 - public static final 'GL_ONE' 'I' @192  1
 - public static final 'GL_SRC_COLOR' 'I' @196  768 (300)
 - public static final 'GL_ONE_MINUS_SRC_COLOR' 'I' @200  769 (301)
 - public static final 'GL_SRC_ALPHA' 'I' @204  770 (302)
 - public static final 'GL_ONE_MINUS_SRC_ALPHA' 'I' @208  771 (303)
 - public static final 'GL_DST_ALPHA' 'I' @212  772 (304)
 - public static final 'GL_ONE_MINUS_DST_ALPHA' 'I' @216  773 (305)
 - public static final 'GL_DST_COLOR' 'I' @220  774 (306)
 - public static final 'GL_ONE_MINUS_DST_COLOR' 'I' @224  775 (307)
 - public static final 'GL_SRC_ALPHA_SATURATE' 'I' @228  776 (308)
 - public static final 'GL_TRUE' 'I' @232  1
 - public static final 'GL_FALSE' 'I' @236  0
 - public static final 'GL_BYTE' 'I' @240  5120 (1400)
 - public static final 'GL_UNSIGNED_BYTE' 'I' @244  5121 (1401)
 - public static final 'GL_SHORT' 'I' @248  5122 (1402)
 - public static final 'GL_UNSIGNED_SHORT' 'I' @252  5123 (1403)
 - public static final 'GL_INT' 'I' @256  5124 (1404)
 - public static final 'GL_UNSIGNED_INT' 'I' @260  5125 (1405)
 - public static final 'GL_FLOAT' 'I' @264  5126 (1406)
 - public static final 'GL_DOUBLE' 'I' @268  5130 (140a)
 - public static final 'GL_NONE' 'I' @272  0
 - public static final 'GL_FRONT_LEFT' 'I' @276  1024 (400)
 - public static final 'GL_FRONT_RIGHT' 'I' @280  1025 (401)
 - public static final 'GL_BACK_LEFT' 'I' @284  1026 (402)
 - public static final 'GL_BACK_RIGHT' 'I' @288  1027 (403)
 - public static final 'GL_FRONT' 'I' @292  1028 (404)
 - public static final 'GL_BACK' 'I' @296  1029 (405)
 - public static final 'GL_LEFT' 'I' @300  1030 (406)
 - public static final 'GL_RIGHT' 'I' @304  1031 (407)
 - public static final 'GL_FRONT_AND_BACK' 'I' @308  1032 (408)
 - public static final 'GL_NO_ERROR' 'I' @312  0
 - public static final 'GL_INVALID_ENUM' 'I' @316  1280 (500)
 - public static final 'GL_INVALID_VALUE' 'I' @320  1281 (501)
 - public static final 'GL_INVALID_OPERATION' 'I' @324  1282 (502)
 - public static final 'GL_STACK_OVERFLOW' 'I' @328  1283 (503)
 - public static final 'GL_STACK_UNDERFLOW' 'I' @332  1284 (504)
 - public static final 'GL_OUT_OF_MEMORY' 'I' @336  1285 (505)
 - public static final 'GL_CW' 'I' @340  2304 (900)
 - public static final 'GL_CCW' 'I' @344  2305 (901)
 - public static final 'GL_POINT_SIZE' 'I' @348  2833 (b11)
 - public static final 'GL_POINT_SIZE_RANGE' 'I' @352  2834 (b12)
 - public static final 'GL_POINT_SIZE_GRANULARITY' 'I' @356  2835 (b13)
 - public static final 'GL_LINE_SMOOTH' 'I' @360  2848 (b20)
 - public static final 'GL_LINE_WIDTH' 'I' @364  2849 (b21)
 - public static final 'GL_LINE_WIDTH_RANGE' 'I' @368  2850 (b22)
 - public static final 'GL_LINE_WIDTH_GRANULARITY' 'I' @372  2851 (b23)
 - public static final 'GL_POLYGON_MODE' 'I' @376  2880 (b40)
 - public static final 'GL_POLYGON_SMOOTH' 'I' @380  2881 (b41)
 - public static final 'GL_CULL_FACE' 'I' @384  2884 (b44)
 - public static final 'GL_CULL_FACE_MODE' 'I' @388  2885 (b45)
 - public static final 'GL_FRONT_FACE' 'I' @392  2886 (b46)
 - public static final 'GL_DEPTH_RANGE' 'I' @396  2928 (b70)
 - public static final 'GL_DEPTH_TEST' 'I' @400  2929 (b71)
 - public static final 'GL_DEPTH_WRITEMASK' 'I' @404  2930 (b72)
 - public static final 'GL_DEPTH_CLEAR_VALUE' 'I' @408  2931 (b73)
 - public static final 'GL_DEPTH_FUNC' 'I' @412  2932 (b74)
 - public static final 'GL_STENCIL_TEST' 'I' @416  2960 (b90)
 - public static final 'GL_STENCIL_CLEAR_VALUE' 'I' @420  2961 (b91)
 - public static final 'GL_STENCIL_FUNC' 'I' @424  2962 (b92)
 - public static final 'GL_STENCIL_VALUE_MASK' 'I' @428  2963 (b93)
 - public static final 'GL_STENCIL_FAIL' 'I' @432  2964 (b94)
 - public static final 'GL_STENCIL_PASS_DEPTH_FAIL' 'I' @436  2965 (b95)
 - public static final 'GL_STENCIL_PASS_DEPTH_PASS' 'I' @440  2966 (b96)
 - public static final 'GL_STENCIL_REF' 'I' @444  2967 (b97)
 - public static final 'GL_STENCIL_WRITEMASK' 'I' @448  2968 (b98)
 - public static final 'GL_VIEWPORT' 'I' @452  2978 (ba2)
 - public static final 'GL_DITHER' 'I' @456  3024 (bd0)
 - public static final 'GL_BLEND_DST' 'I' @460  3040 (be0)
 - public static final 'GL_BLEND_SRC' 'I' @464  3041 (be1)
 - public static final 'GL_BLEND' 'I' @468  3042 (be2)
 - public static final 'GL_LOGIC_OP_MODE' 'I' @472  3056 (bf0)
 - public static final 'GL_COLOR_LOGIC_OP' 'I' @476  3058 (bf2)
 - public static final 'GL_DRAW_BUFFER' 'I' @480  3073 (c01)
 - public static final 'GL_READ_BUFFER' 'I' @484  3074 (c02)
 - public static final 'GL_SCISSOR_BOX' 'I' @488  3088 (c10)
 - public static final 'GL_SCISSOR_TEST' 'I' @492  3089 (c11)
 - public static final 'GL_COLOR_CLEAR_VALUE' 'I' @496  3106 (c22)
 - public static final 'GL_COLOR_WRITEMASK' 'I' @500  3107 (c23)
 - public static final 'GL_DOUBLEBUFFER' 'I' @504  3122 (c32)
 - public static final 'GL_STEREO' 'I' @508  3123 (c33)
 - public static final 'GL_LINE_SMOOTH_HINT' 'I' @512  3154 (c52)
 - public static final 'GL_POLYGON_SMOOTH_HINT' 'I' @516  3155 (c53)
 - public static final 'GL_UNPACK_SWAP_BYTES' 'I' @520  3312 (cf0)
 - public static final 'GL_UNPACK_LSB_FIRST' 'I' @524  3313 (cf1)
 - public static final 'GL_UNPACK_ROW_LENGTH' 'I' @528  3314 (cf2)
 - public static final 'GL_UNPACK_SKIP_ROWS' 'I' @532  3315 (cf3)
 - public static final 'GL_UNPACK_SKIP_PIXELS' 'I' @536  3316 (cf4)
 - public static final 'GL_UNPACK_ALIGNMENT' 'I' @540  3317 (cf5)
 - public static final 'GL_PACK_SWAP_BYTES' 'I' @544  3328 (d00)
 - public static final 'GL_PACK_LSB_FIRST' 'I' @548  3329 (d01)
 - public static final 'GL_PACK_ROW_LENGTH' 'I' @552  3330 (d02)
 - public static final 'GL_PACK_SKIP_ROWS' 'I' @556  3331 (d03)
 - public static final 'GL_PACK_SKIP_PIXELS' 'I' @560  3332 (d04)
 - public static final 'GL_PACK_ALIGNMENT' 'I' @564  3333 (d05)
 - public static final 'GL_MAX_TEXTURE_SIZE' 'I' @568  3379 (d33)
 - public static final 'GL_MAX_VIEWPORT_DIMS' 'I' @572  3386 (d3a)
 - public static final 'GL_SUBPIXEL_BITS' 'I' @576  3408 (d50)
 - public static final 'GL_TEXTURE_1D' 'I' @580  3552 (de0)
 - public static final 'GL_TEXTURE_2D' 'I' @584  3553 (de1)
 - public static final 'GL_TEXTURE_WIDTH' 'I' @588  4096 (1000)
 - public static final 'GL_TEXTURE_HEIGHT' 'I' @592  4097 (1001)
 - public static final 'GL_TEXTURE_INTERNAL_FORMAT' 'I' @596  4099 (1003)
 - public static final 'GL_TEXTURE_BORDER_COLOR' 'I' @600  4100 (1004)
 - public static final 'GL_DONT_CARE' 'I' @604  4352 (1100)
 - public static final 'GL_FASTEST' 'I' @608  4353 (1101)
 - public static final 'GL_NICEST' 'I' @612  4354 (1102)
 - public static final 'GL_CLEAR' 'I' @616  5376 (1500)
 - public static final 'GL_AND' 'I' @620  5377 (1501)
 - public static final 'GL_AND_REVERSE' 'I' @624  5378 (1502)
 - public static final 'GL_COPY' 'I' @628  5379 (1503)
 - public static final 'GL_AND_INVERTED' 'I' @632  5380 (1504)
 - public static final 'GL_NOOP' 'I' @636  5381 (1505)
 - public static final 'GL_XOR' 'I' @640  5382 (1506)
 - public static final 'GL_OR' 'I' @644  5383 (1507)
 - public static final 'GL_NOR' 'I' @648  5384 (1508)
 - public static final 'GL_EQUIV' 'I' @652  5385 (1509)
 - public static final 'GL_INVERT' 'I' @656  5386 (150a)
 - public static final 'GL_OR_REVERSE' 'I' @660  5387 (150b)
 - public static final 'GL_COPY_INVERTED' 'I' @664  5388 (150c)
 - public static final 'GL_OR_INVERTED' 'I' @668  5389 (150d)
 - public static final 'GL_NAND' 'I' @672  5390 (150e)
 - public static final 'GL_SET' 'I' @676  5391 (150f)
 - public static final 'GL_TEXTURE' 'I' @680  5890 (1702)
 - public static final 'GL_COLOR' 'I' @684  6144 (1800)
 - public static final 'GL_DEPTH' 'I' @688  6145 (1801)
 - public static final 'GL_STENCIL' 'I' @692  6146 (1802)
 - public static final 'GL_STENCIL_INDEX' 'I' @696  6401 (1901)
 - public static final 'GL_DEPTH_COMPONENT' 'I' @700  6402 (1902)
 - public static final 'GL_RED' 'I' @704  6403 (1903)
 - public static final 'GL_GREEN' 'I' @708  6404 (1904)
 - public static final 'GL_BLUE' 'I' @712  6405 (1905)
 - public static final 'GL_ALPHA' 'I' @716  6406 (1906)
 - public static final 'GL_RGB' 'I' @720  6407 (1907)
 - public static final 'GL_RGBA' 'I' @724  6408 (1908)
 - public static final 'GL_POINT' 'I' @728  6912 (1b00)
 - public static final 'GL_LINE' 'I' @732  6913 (1b01)
 - public static final 'GL_FILL' 'I' @736  6914 (1b02)
 - public static final 'GL_KEEP' 'I' @740  7680 (1e00)
 - public static final 'GL_REPLACE' 'I' @744  7681 (1e01)
 - public static final 'GL_INCR' 'I' @748  7682 (1e02)
 - public static final 'GL_DECR' 'I' @752  7683 (1e03)
 - public static final 'GL_VENDOR' 'I' @756  7936 (1f00)
 - public static final 'GL_RENDERER' 'I' @760  7937 (1f01)
 - public static final 'GL_VERSION' 'I' @764  7938 (1f02)
 - public static final 'GL_EXTENSIONS' 'I' @768  7939 (1f03)
 - public static final 'GL_NEAREST' 'I' @772  9728 (2600)
 - public static final 'GL_LINEAR' 'I' @776  9729 (2601)
 - public static final 'GL_NEAREST_MIPMAP_NEAREST' 'I' @780  9984 (2700)
 - public static final 'GL_LINEAR_MIPMAP_NEAREST' 'I' @784  9985 (2701)
 - public static final 'GL_NEAREST_MIPMAP_LINEAR' 'I' @788  9986 (2702)
 - public static final 'GL_LINEAR_MIPMAP_LINEAR' 'I' @792  9987 (2703)
 - public static final 'GL_TEXTURE_MAG_FILTER' 'I' @796  10240 (2800)
 - public static final 'GL_TEXTURE_MIN_FILTER' 'I' @800  10241 (2801)
 - public static final 'GL_TEXTURE_WRAP_S' 'I' @804  10242 (2802)
 - public static final 'GL_TEXTURE_WRAP_T' 'I' @808  10243 (2803)
 - public static final 'GL_REPEAT' 'I' @812  10497 (2901)
 - public static final 'GL_POLYGON_OFFSET_FACTOR' 'I' @816  32824 (8038)
 - public static final 'GL_POLYGON_OFFSET_UNITS' 'I' @820  10752 (2a00)
 - public static final 'GL_POLYGON_OFFSET_POINT' 'I' @824  10753 (2a01)
 - public static final 'GL_POLYGON_OFFSET_LINE' 'I' @828  10754 (2a02)
 - public static final 'GL_POLYGON_OFFSET_FILL' 'I' @832  32823 (8037)
 - public static final 'GL_R3_G3_B2' 'I' @836  10768 (2a10)
 - public static final 'GL_RGB4' 'I' @840  32847 (804f)
 - public static final 'GL_RGB5' 'I' @844  32848 (8050)
 - public static final 'GL_RGB8' 'I' @848  32849 (8051)
 - public static final 'GL_RGB10' 'I' @852  32850 (8052)
 - public static final 'GL_RGB12' 'I' @856  32851 (8053)
 - public static final 'GL_RGB16' 'I' @860  32852 (8054)
 - public static final 'GL_RGBA2' 'I' @864  32853 (8055)
 - public static final 'GL_RGBA4' 'I' @868  32854 (8056)
 - public static final 'GL_RGB5_A1' 'I' @872  32855 (8057)
 - public static final 'GL_RGBA8' 'I' @876  32856 (8058)
 - public static final 'GL_RGB10_A2' 'I' @880  32857 (8059)
 - public static final 'GL_RGBA12' 'I' @884  32858 (805a)
 - public static final 'GL_RGBA16' 'I' @888  32859 (805b)
 - public static final 'GL_TEXTURE_RED_SIZE' 'I' @892  32860 (805c)
 - public static final 'GL_TEXTURE_GREEN_SIZE' 'I' @896  32861 (805d)
 - public static final 'GL_TEXTURE_BLUE_SIZE' 'I' @900  32862 (805e)
 - public static final 'GL_TEXTURE_ALPHA_SIZE' 'I' @904  32863 (805f)
 - public static final 'GL_PROXY_TEXTURE_1D' 'I' @908  32867 (8063)
 - public static final 'GL_PROXY_TEXTURE_2D' 'I' @912  32868 (8064)
 - public static final 'GL_TEXTURE_BINDING_1D' 'I' @916  32872 (8068)
 - public static final 'GL_TEXTURE_BINDING_2D' 'I' @920  32873 (8069)
 - public static final 'GL_VERTEX_ARRAY' 'I' @924  32884 (8074)
R12=0x0 is NULL
R13=0x000001f0c153e330 is pointing into metadata
R14=0x000000308b3ff190 is pointing into the stack for thread: 0x000001f0cd31b690
R15=0x000001f0cd31b690 is a thread


Registers:
RAX=0x000001f0c53234d0, RBX=0x000001f0c153e338, RCX=0x0000000000000000, RDX=0x0000000000000000
RSP=0x000000308b3ff0c8, RBP=0x000000308b3ff158, RSI=0x0000000000000000, RDI=0x000001f0dd8b94fe
R8 =0x0000000000000500, R9 =0x00000000000002d0, R10=0x0000000000000000, R11=0x00000006293309d8
R12=0x0000000000000000, R13=0x000001f0c153e330, R14=0x000000308b3ff190, R15=0x000001f0cd31b690
RIP=0x00007ff97c74cefc, EFLAGS=0x0000000000010202

Top of Stack: (sp=0x000000308b3ff0c8)
0x000000308b3ff0c8:   000001f0dd8bd621 000001f0dd8b94fe
0x000000308b3ff0d8:   000001f0dd8bd33c 000001f0c153e338
0x000000308b3ff0e8:   0000000000000000 3ff0000000000500
0x000000308b3ff0f8:   000001f0000002d0 0000000000000000
0x000000308b3ff108:   000001f0dd8bd2f6 000000308b3ff110
0x000000308b3ff118:   000001f0c153e330 000000308b3ff190
0x000000308b3ff128:   000001f0c15415a0 0000000000000000
0x000000308b3ff138:   00000006293309d8 000001f0c153e338
0x000000308b3ff148:   0000000000000000 000000308b3ff178
0x000000308b3ff158:   000000308b3ff1e0 000001f0dd8b94fe
0x000000308b3ff168:   00000006293309d8 000001f0dd8baf78
0x000000308b3ff178:   00000000000002d0 0000000000000500
0x000000308b3ff188:   0000000000000000 0000000000000000
0x000000308b3ff198:   000000308b3ff198 000001f0c151d024
0x000000308b3ff1a8:   000000308b3ff208 000001f0c1528000
0x000000308b3ff1b8:   0000000000000000 00000006292b5c20 

Instructions: (pc=0x00007ff97c74cefc)
0x00007ff97c74cdfc:   cc cc cc cc 48 8b 01 45 8b d8 4c 8b 44 24 28 41
0x00007ff97c74ce0c:   8b d1 41 8b cb 4c 8b 50 18 49 ff a2 88 09 00 00
0x00007ff97c74ce1c:   cc cc cc cc 40 53 48 83 ec 40 48 8b 01 41 8b d8
0x00007ff97c74ce2c:   44 8b 44 24 70 41 8b d1 44 8b 4c 24 78 8b cb 4c
0x00007ff97c74ce3c:   8b 50 18 48 8b 84 24 90 00 00 00 48 89 44 24 30
0x00007ff97c74ce4c:   8b 84 24 88 00 00 00 89 44 24 28 8b 84 24 80 00
0x00007ff97c74ce5c:   00 00 89 44 24 20 41 ff 92 90 09 00 00 48 83 c4
0x00007ff97c74ce6c:   40 5b c3 cc 40 53 48 83 ec 50 48 8b 01 41 8b d8
0x00007ff97c74ce7c:   44 8b 84 24 80 00 00 00 41 8b d1 44 8b 8c 24 88
0x00007ff97c74ce8c:   00 00 00 8b cb 4c 8b 50 18 48 8b 84 24 b0 00 00
0x00007ff97c74ce9c:   00 48 89 44 24 40 8b 84 24 a8 00 00 00 89 44 24
0x00007ff97c74ceac:   38 8b 84 24 a0 00 00 00 89 44 24 30 8b 84 24 98
0x00007ff97c74cebc:   00 00 00 89 44 24 28 8b 84 24 90 00 00 00 89 44
0x00007ff97c74cecc:   24 20 41 ff 92 98 09 00 00 48 83 c4 50 5b c3 cc
0x00007ff97c74cedc:   cc cc cc cc 40 53 48 8b 01 41 8b d8 44 8b 44 24
0x00007ff97c74ceec:   30 41 8b d1 44 8b 4c 24 38 8b cb 4c 8b 50 18 5b
0x00007ff97c74cefc:   49 ff a2 78 0a 00 00 cc cc cc cc cc cc cc cc cc
0x00007ff97c74cf0c:   cc cc cc cc 40 53 48 83 ec 50 48 8b 01 41 8b d8
0x00007ff97c74cf1c:   44 8b 84 24 80 00 00 00 41 8b d1 44 8b 8c 24 88
0x00007ff97c74cf2c:   00 00 00 8b cb 4c 8b 50 18 48 8b 84 24 b8 00 00
0x00007ff97c74cf3c:   00 48 89 44 24 48 8b 84 24 b0 00 00 00 89 44 24
0x00007ff97c74cf4c:   40 8b 84 24 a8 00 00 00 89 44 24 38 8b 84 24 a0
0x00007ff97c74cf5c:   00 00 00 89 44 24 30 8b 84 24 98 00 00 00 89 44
0x00007ff97c74cf6c:   24 28 8b 84 24 90 00 00 00 89 44 24 20 41 ff 92
0x00007ff97c74cf7c:   80 0a 00 00 48 83 c4 50 5b c3 cc cc cc cc cc cc
0x00007ff97c74cf8c:   cc cc cc cc 40 53 48 83 ec 60 48 8b 01 41 8b d8
0x00007ff97c74cf9c:   44 8b 84 24 90 00 00 00 41 8b d1 44 8b 8c 24 98
0x00007ff97c74cfac:   00 00 00 8b cb 4c 8b 50 18 48 8b 84 24 d0 00 00
0x00007ff97c74cfbc:   00 48 89 44 24 50 8b 84 24 c8 00 00 00 89 44 24
0x00007ff97c74cfcc:   48 8b 84 24 c0 00 00 00 89 44 24 40 8b 84 24 b8
0x00007ff97c74cfdc:   00 00 00 89 44 24 38 8b 84 24 b0 00 00 00 89 44
0x00007ff97c74cfec:   24 30 8b 84 24 a8 00 00 00 89 44 24 28 8b 84 24 


Stack slot to memory mapping:
stack at sp + 0 slots: 0x000001f0dd8bd621 is at code_begin+993 in an Interpreter codelet
method entry point (kind = native)  [0x000001f0dd8bd240, 0x000001f0dd8bdbc0]  2432 bytes
stack at sp + 1 slots: 0x000001f0dd8b94fe is at code_begin+1118 in an Interpreter codelet
return entry points  [0x000001f0dd8b90a0, 0x000001f0dd8b9ba0]  2816 bytes
stack at sp + 2 slots: 0x000001f0dd8bd33c is at code_begin+252 in an Interpreter codelet
method entry point (kind = native)  [0x000001f0dd8bd240, 0x000001f0dd8bdbc0]  2432 bytes
stack at sp + 3 slots: {method} {0x000001f0c153e340} 'glViewport' '(IIII)V' in 'org/lwjgl/opengl/GL11C'
stack at sp + 4 slots: 0x0 is NULL
stack at sp + 5 slots: 0x3ff0000000000500 is an unknown value
stack at sp + 6 slots: 0x000001f0000002d0 is an unknown value
stack at sp + 7 slots: 0x0 is NULL


---------------  P R O C E S S  ---------------

Threads class SMR info:
_java_thread_list=0x000001f0febdff10, length=13, elements={
0x000001f0cd31b690, 0x000001f0f8c25be0, 0x000001f0f8c26a50, 0x000001f0f8c3afd0,
0x000001f0f8c3bb80, 0x000001f0f8c3c730, 0x000001f0f8c3f0f0, 0x000001f0f8c419d0,
0x000001f0f8c47890, 0x000001f0f8c485a0, 0x000001f0fb8a3670, 0x000001f0fb8ab530,
0x000001f0febf1700
}

Java Threads: ( => current thread )
=>0x000001f0cd31b690 JavaThread "main" [_thread_in_native, id=10320, stack(0x000000308b300000,0x000000308b400000)]
  0x000001f0f8c25be0 JavaThread "Reference Handler" daemon [_thread_blocked, id=3272, stack(0x000000308ba00000,0x000000308bb00000)]
  0x000001f0f8c26a50 JavaThread "Finalizer" daemon [_thread_blocked, id=19208, stack(0x000000308bb00000,0x000000308bc00000)]
  0x000001f0f8c3afd0 JavaThread "Signal Dispatcher" daemon [_thread_blocked, id=17264, stack(0x000000308bc00000,0x000000308bd00000)]
  0x000001f0f8c3bb80 JavaThread "Attach Listener" daemon [_thread_blocked, id=16916, stack(0x000000308bd00000,0x000000308be00000)]
  0x000001f0f8c3c730 JavaThread "Service Thread" daemon [_thread_blocked, id=14888, stack(0x000000308be00000,0x000000308bf00000)]
  0x000001f0f8c3f0f0 JavaThread "Monitor Deflation Thread" daemon [_thread_blocked, id=5068, stack(0x000000308bf00000,0x000000308c000000)]
  0x000001f0f8c419d0 JavaThread "C2 CompilerThread0" daemon [_thread_blocked, id=11912, stack(0x000000308c000000,0x000000308c100000)]
  0x000001f0f8c47890 JavaThread "C1 CompilerThread0" daemon [_thread_blocked, id=6100, stack(0x000000308c100000,0x000000308c200000)]
  0x000001f0f8c485a0 JavaThread "Sweeper thread" daemon [_thread_blocked, id=12668, stack(0x000000308c200000,0x000000308c300000)]
  0x000001f0fb8a3670 JavaThread "Notification Thread" daemon [_thread_blocked, id=14568, stack(0x000000308c300000,0x000000308c400000)]
  0x000001f0fb8ab530 JavaThread "Common-Cleaner" daemon [_thread_blocked, id=16368, stack(0x000000308c500000,0x000000308c600000)]
  0x000001f0febf1700 JavaThread "C2 CompilerThread1" daemon [_thread_blocked, id=4088, stack(0x000000308c600000,0x000000308c700000)]

Other Threads:
  0x000001f0f8c1efd0 VMThread "VM Thread" [stack: 0x000000308b900000,0x000000308ba00000] [id=3576]
  0x000001f0f8a9a9a0 WatcherThread [stack: 0x000000308c400000,0x000000308c500000] [id=2452]
  0x000001f0cd3d01f0 GCTaskThread "GC Thread#0" [stack: 0x000000308b400000,0x000000308b500000] [id=13000]
  0x000001f0f8a93f40 ConcurrentGCThread "G1 Main Marker" [stack: 0x000000308b500000,0x000000308b600000] [id=12740]
  0x000001f0f8a94950 ConcurrentGCThread "G1 Conc#0" [stack: 0x000000308b600000,0x000000308b700000] [id=4460]
  0x000001f0f8b55340 ConcurrentGCThread "G1 Refine#0" [stack: 0x000000308b700000,0x000000308b800000] [id=16972]
  0x000001f0f8b55d60 ConcurrentGCThread "G1 Service" [stack: 0x000000308b800000,0x000000308b900000] [id=12016]

Threads with active compile tasks:

VM state: not at safepoint (normal execution)

VM Mutex/Monitor currently owned by a thread: None

Heap address: 0x000000060a400000, size: 8028 MB, Compressed Oops mode: Zero based, Oop shift amount: 3

CDS archive(s) mapped at: [0x000001f080000000-0x000001f080bd0000-0x000001f080bd0000), size 12386304, SharedBaseAddress: 0x000001f080000000, ArchiveRelocationMode: 1.
Compressed class space mapped at: 0x000001f081000000-0x000001f0c1000000, reserved size: 1073741824
Narrow klass base: 0x000001f080000000, Narrow klass shift: 0, Narrow klass range: 0x100000000

GC Precious Log:
 CPUs: 12 total, 12 available
 Memory: 32097M
 Large Page Support: Disabled
 NUMA Support: Disabled
 Compressed Oops: Enabled (Zero based)
 Heap Region Size: 4M
 Heap Min Capacity: 8M
 Heap Initial Capacity: 504M
 Heap Max Capacity: 8028M
 Pre-touch: Disabled
 Parallel Workers: 10
 Concurrent Workers: 3
 Concurrent Refinement Workers: 10
 Periodic GC: Disabled

Heap:
 garbage-first heap   total 516096K, used 8192K [0x000000060a400000, 0x0000000800000000)
  region size 4096K, 3 young (12288K), 0 survivors (0K)
 Metaspace       used 3042K, committed 3264K, reserved 1114112K
  class space    used 209K, committed 320K, reserved 1048576K

Heap Regions: E=young(eden), S=young(survivor), O=old, HS=humongous(starts), HC=humongous(continues), CS=collection set, F=free, OA=open archive, CA=closed archive, TAMS=top-at-mark-start (previous, next)
|   0|0x000000060a400000, 0x000000060a400000, 0x000000060a800000|  0%| F|  |TAMS 0x000000060a400000, 0x000000060a400000| Untracked 
|   1|0x000000060a800000, 0x000000060a800000, 0x000000060ac00000|  0%| F|  |TAMS 0x000000060a800000, 0x000000060a800000| Untracked 
|   2|0x000000060ac00000, 0x000000060ac00000, 0x000000060b000000|  0%| F|  |TAMS 0x000000060ac00000, 0x000000060ac00000| Untracked 
|   3|0x000000060b000000, 0x000000060b000000, 0x000000060b400000|  0%| F|  |TAMS 0x000000060b000000, 0x000000060b000000| Untracked 
|   4|0x000000060b400000, 0x000000060b400000, 0x000000060b800000|  0%| F|  |TAMS 0x000000060b400000, 0x000000060b400000| Untracked 
|   5|0x000000060b800000, 0x000000060b800000, 0x000000060bc00000|  0%| F|  |TAMS 0x000000060b800000, 0x000000060b800000| Untracked 
|   6|0x000000060bc00000, 0x000000060bc00000, 0x000000060c000000|  0%| F|  |TAMS 0x000000060bc00000, 0x000000060bc00000| Untracked 
|   7|0x000000060c000000, 0x000000060c000000, 0x000000060c400000|  0%| F|  |TAMS 0x000000060c000000, 0x000000060c000000| Untracked 
|   8|0x000000060c400000, 0x000000060c400000, 0x000000060c800000|  0%| F|  |TAMS 0x000000060c400000, 0x000000060c400000| Untracked 
|   9|0x000000060c800000, 0x000000060c800000, 0x000000060cc00000|  0%| F|  |TAMS 0x000000060c800000, 0x000000060c800000| Untracked 
|  10|0x000000060cc00000, 0x000000060cc00000, 0x000000060d000000|  0%| F|  |TAMS 0x000000060cc00000, 0x000000060cc00000| Untracked 
|  11|0x000000060d000000, 0x000000060d000000, 0x000000060d400000|  0%| F|  |TAMS 0x000000060d000000, 0x000000060d000000| Untracked 
|  12|0x000000060d400000, 0x000000060d400000, 0x000000060d800000|  0%| F|  |TAMS 0x000000060d400000, 0x000000060d400000| Untracked 
|  13|0x000000060d800000, 0x000000060d800000, 0x000000060dc00000|  0%| F|  |TAMS 0x000000060d800000, 0x000000060d800000| Untracked 
|  14|0x000000060dc00000, 0x000000060dc00000, 0x000000060e000000|  0%| F|  |TAMS 0x000000060dc00000, 0x000000060dc00000| Untracked 
|  15|0x000000060e000000, 0x000000060e000000, 0x000000060e400000|  0%| F|  |TAMS 0x000000060e000000, 0x000000060e000000| Untracked 
|  16|0x000000060e400000, 0x000000060e400000, 0x000000060e800000|  0%| F|  |TAMS 0x000000060e400000, 0x000000060e400000| Untracked 
|  17|0x000000060e800000, 0x000000060e800000, 0x000000060ec00000|  0%| F|  |TAMS 0x000000060e800000, 0x000000060e800000| Untracked 
|  18|0x000000060ec00000, 0x000000060ec00000, 0x000000060f000000|  0%| F|  |TAMS 0x000000060ec00000, 0x000000060ec00000| Untracked 
|  19|0x000000060f000000, 0x000000060f000000, 0x000000060f400000|  0%| F|  |TAMS 0x000000060f000000, 0x000000060f000000| Untracked 
|  20|0x000000060f400000, 0x000000060f400000, 0x000000060f800000|  0%| F|  |TAMS 0x000000060f400000, 0x000000060f400000| Untracked 
|  21|0x000000060f800000, 0x000000060f800000, 0x000000060fc00000|  0%| F|  |TAMS 0x000000060f800000, 0x000000060f800000| Untracked 
|  22|0x000000060fc00000, 0x000000060fc00000, 0x0000000610000000|  0%| F|  |TAMS 0x000000060fc00000, 0x000000060fc00000| Untracked 
|  23|0x0000000610000000, 0x0000000610000000, 0x0000000610400000|  0%| F|  |TAMS 0x0000000610000000, 0x0000000610000000| Untracked 
|  24|0x0000000610400000, 0x0000000610400000, 0x0000000610800000|  0%| F|  |TAMS 0x0000000610400000, 0x0000000610400000| Untracked 
|  25|0x0000000610800000, 0x0000000610800000, 0x0000000610c00000|  0%| F|  |TAMS 0x0000000610800000, 0x0000000610800000| Untracked 
|  26|0x0000000610c00000, 0x0000000610c00000, 0x0000000611000000|  0%| F|  |TAMS 0x0000000610c00000, 0x0000000610c00000| Untracked 
|  27|0x0000000611000000, 0x0000000611000000, 0x0000000611400000|  0%| F|  |TAMS 0x0000000611000000, 0x0000000611000000| Untracked 
|  28|0x0000000611400000, 0x0000000611400000, 0x0000000611800000|  0%| F|  |TAMS 0x0000000611400000, 0x0000000611400000| Untracked 
|  29|0x0000000611800000, 0x0000000611800000, 0x0000000611c00000|  0%| F|  |TAMS 0x0000000611800000, 0x0000000611800000| Untracked 
|  30|0x0000000611c00000, 0x0000000611c00000, 0x0000000612000000|  0%| F|  |TAMS 0x0000000611c00000, 0x0000000611c00000| Untracked 
|  31|0x0000000612000000, 0x0000000612000000, 0x0000000612400000|  0%| F|  |TAMS 0x0000000612000000, 0x0000000612000000| Untracked 
|  32|0x0000000612400000, 0x0000000612400000, 0x0000000612800000|  0%| F|  |TAMS 0x0000000612400000, 0x0000000612400000| Untracked 
|  33|0x0000000612800000, 0x0000000612800000, 0x0000000612c00000|  0%| F|  |TAMS 0x0000000612800000, 0x0000000612800000| Untracked 
|  34|0x0000000612c00000, 0x0000000612c00000, 0x0000000613000000|  0%| F|  |TAMS 0x0000000612c00000, 0x0000000612c00000| Untracked 
|  35|0x0000000613000000, 0x0000000613000000, 0x0000000613400000|  0%| F|  |TAMS 0x0000000613000000, 0x0000000613000000| Untracked 
|  36|0x0000000613400000, 0x0000000613400000, 0x0000000613800000|  0%| F|  |TAMS 0x0000000613400000, 0x0000000613400000| Untracked 
|  37|0x0000000613800000, 0x0000000613800000, 0x0000000613c00000|  0%| F|  |TAMS 0x0000000613800000, 0x0000000613800000| Untracked 
|  38|0x0000000613c00000, 0x0000000613c00000, 0x0000000614000000|  0%| F|  |TAMS 0x0000000613c00000, 0x0000000613c00000| Untracked 
|  39|0x0000000614000000, 0x0000000614000000, 0x0000000614400000|  0%| F|  |TAMS 0x0000000614000000, 0x0000000614000000| Untracked 
|  40|0x0000000614400000, 0x0000000614400000, 0x0000000614800000|  0%| F|  |TAMS 0x0000000614400000, 0x0000000614400000| Untracked 
|  41|0x0000000614800000, 0x0000000614800000, 0x0000000614c00000|  0%| F|  |TAMS 0x0000000614800000, 0x0000000614800000| Untracked 
|  42|0x0000000614c00000, 0x0000000614c00000, 0x0000000615000000|  0%| F|  |TAMS 0x0000000614c00000, 0x0000000614c00000| Untracked 
|  43|0x0000000615000000, 0x0000000615000000, 0x0000000615400000|  0%| F|  |TAMS 0x0000000615000000, 0x0000000615000000| Untracked 
|  44|0x0000000615400000, 0x0000000615400000, 0x0000000615800000|  0%| F|  |TAMS 0x0000000615400000, 0x0000000615400000| Untracked 
|  45|0x0000000615800000, 0x0000000615800000, 0x0000000615c00000|  0%| F|  |TAMS 0x0000000615800000, 0x0000000615800000| Untracked 
|  46|0x0000000615c00000, 0x0000000615c00000, 0x0000000616000000|  0%| F|  |TAMS 0x0000000615c00000, 0x0000000615c00000| Untracked 
|  47|0x0000000616000000, 0x0000000616000000, 0x0000000616400000|  0%| F|  |TAMS 0x0000000616000000, 0x0000000616000000| Untracked 
|  48|0x0000000616400000, 0x0000000616400000, 0x0000000616800000|  0%| F|  |TAMS 0x0000000616400000, 0x0000000616400000| Untracked 
|  49|0x0000000616800000, 0x0000000616800000, 0x0000000616c00000|  0%| F|  |TAMS 0x0000000616800000, 0x0000000616800000| Untracked 
|  50|0x0000000616c00000, 0x0000000616c00000, 0x0000000617000000|  0%| F|  |TAMS 0x0000000616c00000, 0x0000000616c00000| Untracked 
|  51|0x0000000617000000, 0x0000000617000000, 0x0000000617400000|  0%| F|  |TAMS 0x0000000617000000, 0x0000000617000000| Untracked 
|  52|0x0000000617400000, 0x0000000617400000, 0x0000000617800000|  0%| F|  |TAMS 0x0000000617400000, 0x0000000617400000| Untracked 
|  53|0x0000000617800000, 0x0000000617800000, 0x0000000617c00000|  0%| F|  |TAMS 0x0000000617800000, 0x0000000617800000| Untracked 
|  54|0x0000000617c00000, 0x0000000617c00000, 0x0000000618000000|  0%| F|  |TAMS 0x0000000617c00000, 0x0000000617c00000| Untracked 
|  55|0x0000000618000000, 0x0000000618000000, 0x0000000618400000|  0%| F|  |TAMS 0x0000000618000000, 0x0000000618000000| Untracked 
|  56|0x0000000618400000, 0x0000000618400000, 0x0000000618800000|  0%| F|  |TAMS 0x0000000618400000, 0x0000000618400000| Untracked 
|  57|0x0000000618800000, 0x0000000618800000, 0x0000000618c00000|  0%| F|  |TAMS 0x0000000618800000, 0x0000000618800000| Untracked 
|  58|0x0000000618c00000, 0x0000000618c00000, 0x0000000619000000|  0%| F|  |TAMS 0x0000000618c00000, 0x0000000618c00000| Untracked 
|  59|0x0000000619000000, 0x0000000619000000, 0x0000000619400000|  0%| F|  |TAMS 0x0000000619000000, 0x0000000619000000| Untracked 
|  60|0x0000000619400000, 0x0000000619400000, 0x0000000619800000|  0%| F|  |TAMS 0x0000000619400000, 0x0000000619400000| Untracked 
|  61|0x0000000619800000, 0x0000000619800000, 0x0000000619c00000|  0%| F|  |TAMS 0x0000000619800000, 0x0000000619800000| Untracked 
|  62|0x0000000619c00000, 0x0000000619c00000, 0x000000061a000000|  0%| F|  |TAMS 0x0000000619c00000, 0x0000000619c00000| Untracked 
|  63|0x000000061a000000, 0x000000061a000000, 0x000000061a400000|  0%| F|  |TAMS 0x000000061a000000, 0x000000061a000000| Untracked 
|  64|0x000000061a400000, 0x000000061a400000, 0x000000061a800000|  0%| F|  |TAMS 0x000000061a400000, 0x000000061a400000| Untracked 
|  65|0x000000061a800000, 0x000000061a800000, 0x000000061ac00000|  0%| F|  |TAMS 0x000000061a800000, 0x000000061a800000| Untracked 
|  66|0x000000061ac00000, 0x000000061ac00000, 0x000000061b000000|  0%| F|  |TAMS 0x000000061ac00000, 0x000000061ac00000| Untracked 
|  67|0x000000061b000000, 0x000000061b000000, 0x000000061b400000|  0%| F|  |TAMS 0x000000061b000000, 0x000000061b000000| Untracked 
|  68|0x000000061b400000, 0x000000061b400000, 0x000000061b800000|  0%| F|  |TAMS 0x000000061b400000, 0x000000061b400000| Untracked 
|  69|0x000000061b800000, 0x000000061b800000, 0x000000061bc00000|  0%| F|  |TAMS 0x000000061b800000, 0x000000061b800000| Untracked 
|  70|0x000000061bc00000, 0x000000061bc00000, 0x000000061c000000|  0%| F|  |TAMS 0x000000061bc00000, 0x000000061bc00000| Untracked 
|  71|0x000000061c000000, 0x000000061c000000, 0x000000061c400000|  0%| F|  |TAMS 0x000000061c000000, 0x000000061c000000| Untracked 
|  72|0x000000061c400000, 0x000000061c400000, 0x000000061c800000|  0%| F|  |TAMS 0x000000061c400000, 0x000000061c400000| Untracked 
|  73|0x000000061c800000, 0x000000061c800000, 0x000000061cc00000|  0%| F|  |TAMS 0x000000061c800000, 0x000000061c800000| Untracked 
|  74|0x000000061cc00000, 0x000000061cc00000, 0x000000061d000000|  0%| F|  |TAMS 0x000000061cc00000, 0x000000061cc00000| Untracked 
|  75|0x000000061d000000, 0x000000061d000000, 0x000000061d400000|  0%| F|  |TAMS 0x000000061d000000, 0x000000061d000000| Untracked 
|  76|0x000000061d400000, 0x000000061d400000, 0x000000061d800000|  0%| F|  |TAMS 0x000000061d400000, 0x000000061d400000| Untracked 
|  77|0x000000061d800000, 0x000000061d800000, 0x000000061dc00000|  0%| F|  |TAMS 0x000000061d800000, 0x000000061d800000| Untracked 
|  78|0x000000061dc00000, 0x000000061dc00000, 0x000000061e000000|  0%| F|  |TAMS 0x000000061dc00000, 0x000000061dc00000| Untracked 
|  79|0x000000061e000000, 0x000000061e000000, 0x000000061e400000|  0%| F|  |TAMS 0x000000061e000000, 0x000000061e000000| Untracked 
|  80|0x000000061e400000, 0x000000061e400000, 0x000000061e800000|  0%| F|  |TAMS 0x000000061e400000, 0x000000061e400000| Untracked 
|  81|0x000000061e800000, 0x000000061e800000, 0x000000061ec00000|  0%| F|  |TAMS 0x000000061e800000, 0x000000061e800000| Untracked 
|  82|0x000000061ec00000, 0x000000061ec00000, 0x000000061f000000|  0%| F|  |TAMS 0x000000061ec00000, 0x000000061ec00000| Untracked 
|  83|0x000000061f000000, 0x000000061f000000, 0x000000061f400000|  0%| F|  |TAMS 0x000000061f000000, 0x000000061f000000| Untracked 
|  84|0x000000061f400000, 0x000000061f400000, 0x000000061f800000|  0%| F|  |TAMS 0x000000061f400000, 0x000000061f400000| Untracked 
|  85|0x000000061f800000, 0x000000061f800000, 0x000000061fc00000|  0%| F|  |TAMS 0x000000061f800000, 0x000000061f800000| Untracked 
|  86|0x000000061fc00000, 0x000000061fc00000, 0x0000000620000000|  0%| F|  |TAMS 0x000000061fc00000, 0x000000061fc00000| Untracked 
|  87|0x0000000620000000, 0x0000000620000000, 0x0000000620400000|  0%| F|  |TAMS 0x0000000620000000, 0x0000000620000000| Untracked 
|  88|0x0000000620400000, 0x0000000620400000, 0x0000000620800000|  0%| F|  |TAMS 0x0000000620400000, 0x0000000620400000| Untracked 
|  89|0x0000000620800000, 0x0000000620800000, 0x0000000620c00000|  0%| F|  |TAMS 0x0000000620800000, 0x0000000620800000| Untracked 
|  90|0x0000000620c00000, 0x0000000620c00000, 0x0000000621000000|  0%| F|  |TAMS 0x0000000620c00000, 0x0000000620c00000| Untracked 
|  91|0x0000000621000000, 0x0000000621000000, 0x0000000621400000|  0%| F|  |TAMS 0x0000000621000000, 0x0000000621000000| Untracked 
|  92|0x0000000621400000, 0x0000000621400000, 0x0000000621800000|  0%| F|  |TAMS 0x0000000621400000, 0x0000000621400000| Untracked 
|  93|0x0000000621800000, 0x0000000621800000, 0x0000000621c00000|  0%| F|  |TAMS 0x0000000621800000, 0x0000000621800000| Untracked 
|  94|0x0000000621c00000, 0x0000000621c00000, 0x0000000622000000|  0%| F|  |TAMS 0x0000000621c00000, 0x0000000621c00000| Untracked 
|  95|0x0000000622000000, 0x0000000622000000, 0x0000000622400000|  0%| F|  |TAMS 0x0000000622000000, 0x0000000622000000| Untracked 
|  96|0x0000000622400000, 0x0000000622400000, 0x0000000622800000|  0%| F|  |TAMS 0x0000000622400000, 0x0000000622400000| Untracked 
|  97|0x0000000622800000, 0x0000000622800000, 0x0000000622c00000|  0%| F|  |TAMS 0x0000000622800000, 0x0000000622800000| Untracked 
|  98|0x0000000622c00000, 0x0000000622c00000, 0x0000000623000000|  0%| F|  |TAMS 0x0000000622c00000, 0x0000000622c00000| Untracked 
|  99|0x0000000623000000, 0x0000000623000000, 0x0000000623400000|  0%| F|  |TAMS 0x0000000623000000, 0x0000000623000000| Untracked 
| 100|0x0000000623400000, 0x0000000623400000, 0x0000000623800000|  0%| F|  |TAMS 0x0000000623400000, 0x0000000623400000| Untracked 
| 101|0x0000000623800000, 0x0000000623800000, 0x0000000623c00000|  0%| F|  |TAMS 0x0000000623800000, 0x0000000623800000| Untracked 
| 102|0x0000000623c00000, 0x0000000623c00000, 0x0000000624000000|  0%| F|  |TAMS 0x0000000623c00000, 0x0000000623c00000| Untracked 
| 103|0x0000000624000000, 0x0000000624000000, 0x0000000624400000|  0%| F|  |TAMS 0x0000000624000000, 0x0000000624000000| Untracked 
| 104|0x0000000624400000, 0x0000000624400000, 0x0000000624800000|  0%| F|  |TAMS 0x0000000624400000, 0x0000000624400000| Untracked 
| 105|0x0000000624800000, 0x0000000624800000, 0x0000000624c00000|  0%| F|  |TAMS 0x0000000624800000, 0x0000000624800000| Untracked 
| 106|0x0000000624c00000, 0x0000000624c00000, 0x0000000625000000|  0%| F|  |TAMS 0x0000000624c00000, 0x0000000624c00000| Untracked 
| 107|0x0000000625000000, 0x0000000625000000, 0x0000000625400000|  0%| F|  |TAMS 0x0000000625000000, 0x0000000625000000| Untracked 
| 108|0x0000000625400000, 0x0000000625400000, 0x0000000625800000|  0%| F|  |TAMS 0x0000000625400000, 0x0000000625400000| Untracked 
| 109|0x0000000625800000, 0x0000000625800000, 0x0000000625c00000|  0%| F|  |TAMS 0x0000000625800000, 0x0000000625800000| Untracked 
| 110|0x0000000625c00000, 0x0000000625c00000, 0x0000000626000000|  0%| F|  |TAMS 0x0000000625c00000, 0x0000000625c00000| Untracked 
| 111|0x0000000626000000, 0x0000000626000000, 0x0000000626400000|  0%| F|  |TAMS 0x0000000626000000, 0x0000000626000000| Untracked 
| 112|0x0000000626400000, 0x0000000626400000, 0x0000000626800000|  0%| F|  |TAMS 0x0000000626400000, 0x0000000626400000| Untracked 
| 113|0x0000000626800000, 0x0000000626800000, 0x0000000626c00000|  0%| F|  |TAMS 0x0000000626800000, 0x0000000626800000| Untracked 
| 114|0x0000000626c00000, 0x0000000626c00000, 0x0000000627000000|  0%| F|  |TAMS 0x0000000626c00000, 0x0000000626c00000| Untracked 
| 115|0x0000000627000000, 0x0000000627000000, 0x0000000627400000|  0%| F|  |TAMS 0x0000000627000000, 0x0000000627000000| Untracked 
| 116|0x0000000627400000, 0x0000000627400000, 0x0000000627800000|  0%| F|  |TAMS 0x0000000627400000, 0x0000000627400000| Untracked 
| 117|0x0000000627800000, 0x0000000627800000, 0x0000000627c00000|  0%| F|  |TAMS 0x0000000627800000, 0x0000000627800000| Untracked 
| 118|0x0000000627c00000, 0x0000000627c00000, 0x0000000628000000|  0%| F|  |TAMS 0x0000000627c00000, 0x0000000627c00000| Untracked 
| 119|0x0000000628000000, 0x0000000628000000, 0x0000000628400000|  0%| F|  |TAMS 0x0000000628000000, 0x0000000628000000| Untracked 
| 120|0x0000000628400000, 0x0000000628400000, 0x0000000628800000|  0%| F|  |TAMS 0x0000000628400000, 0x0000000628400000| Untracked 
| 121|0x0000000628800000, 0x0000000628800000, 0x0000000628c00000|  0%| F|  |TAMS 0x0000000628800000, 0x0000000628800000| Untracked 
| 122|0x0000000628c00000, 0x0000000628c00000, 0x0000000629000000|  0%| F|  |TAMS 0x0000000628c00000, 0x0000000628c00000| Untracked 
| 123|0x0000000629000000, 0x0000000629362db0, 0x0000000629400000| 84%| E|  |TAMS 0x0000000629000000, 0x0000000629000000| Complete 
| 124|0x0000000629400000, 0x0000000629800000, 0x0000000629800000|100%| E|CS|TAMS 0x0000000629400000, 0x0000000629400000| Complete 
| 125|0x0000000629800000, 0x0000000629c00000, 0x0000000629c00000|100%| E|CS|TAMS 0x0000000629800000, 0x0000000629800000| Complete 

Card table byte_map: [0x000001f0e6fc0000,0x000001f0e7f70000] _byte_map_base: 0x000001f0e3f6e000

Marking Bits (Prev, Next): (CMBitMap*) 0x000001f0cd3d0800, (CMBitMap*) 0x000001f0cd3d0840
 Prev Bits: [0x000001f0e8f20000, 0x000001f0f0c90000)
 Next Bits: [0x000001f0f0c90000, 0x000001f0f8a00000)

Polling page: 0x000001f0d6360000

Metaspace:

Usage:
  Non-class:      2.77 MB used.
      Class:    209.09 KB used.
       Both:      2.97 MB used.

Virtual space:
  Non-class space:       64.00 MB reserved,       2.88 MB (  4%) committed,  1 nodes.
      Class space:        1.00 GB reserved,     320.00 KB ( <1%) committed,  1 nodes.
             Both:        1.06 GB reserved,       3.19 MB ( <1%) committed. 

Chunk freelists:
   Non-Class:  10.73 MB
       Class:  15.66 MB
        Both:  26.40 MB

MaxMetaspaceSize: unlimited
CompressedClassSpaceSize: 1.00 GB
Initial GC threshold: 21.00 MB
Current GC threshold: 21.00 MB
CDS: on
MetaspaceReclaimPolicy: balanced
 - commit_granule_bytes: 65536.
 - commit_granule_words: 8192.
 - virtual_space_node_default_size: 8388608.
 - enlarge_chunks_in_place: 1.
 - new_chunks_are_fully_committed: 0.
 - uncommit_free_chunks: 1.
 - use_allocation_guard: 0.
 - handle_deallocations: 1.


Internal statistics:

num_allocs_failed_limit: 0.
num_arena_births: 62.
num_arena_deaths: 0.
num_vsnodes_births: 2.
num_vsnodes_deaths: 0.
num_space_committed: 51.
num_space_uncommitted: 0.
num_chunks_returned_to_freelist: 0.
num_chunks_taken_from_freelist: 134.
num_chunk_merges: 0.
num_chunk_splits: 85.
num_chunks_enlarged: 57.
num_purges: 0.
num_inconsistent_stats: 0.

CodeHeap 'non-profiled nmethods': size=120000Kb used=227Kb max_used=227Kb free=119772Kb
 bounds [0x000001f0dde50000, 0x000001f0de0c0000, 0x000001f0e5380000]
CodeHeap 'profiled nmethods': size=120000Kb used=1064Kb max_used=1064Kb free=118935Kb
 bounds [0x000001f0d6380000, 0x000001f0d65f0000, 0x000001f0dd8b0000]
CodeHeap 'non-nmethods': size=5760Kb used=1577Kb max_used=1592Kb free=4182Kb
 bounds [0x000001f0dd8b0000, 0x000001f0ddb20000, 0x000001f0dde50000]
 total_blobs=1681 nmethods=682 adapters=912
 compilation: enabled
              stopped_count=0, restarted_count=0
 full_count=0

Compilation events (20 events):
Event: 0.353 Thread 0x000001f0f8c47890  673       3       jdk.internal.jimage.BasicImageReader::getLocationIndex (52 bytes)
Event: 0.353 Thread 0x000001f0f8c47890 nmethod 673 0x000001f0d6488090 code [0x000001f0d6488280, 0x000001f0d6488718]
Event: 0.353 Thread 0x000001f0f8c47890  674       3       jdk.internal.jimage.ImageStringsReader::hashCode (8 bytes)
Event: 0.354 Thread 0x000001f0f8c47890 nmethod 674 0x000001f0d6488990 code [0x000001f0d6488b40, 0x000001f0d6488cf8]
Event: 0.354 Thread 0x000001f0f8c47890  671   !   3       jdk.internal.misc.ScopedMemoryAccess::copyMemoryInternal (60 bytes)
Event: 0.354 Thread 0x000001f0f8c47890 nmethod 671 0x000001f0d6488e10 code [0x000001f0d6489000, 0x000001f0d6489548]
Event: 0.354 Thread 0x000001f0f8c47890  678       3       sun.misc.Unsafe::putLong (11 bytes)
Event: 0.354 Thread 0x000001f0f8c47890 nmethod 678 0x000001f0d6489890 code [0x000001f0d6489a20, 0x000001f0d6489b38]
Event: 0.354 Thread 0x000001f0f8c47890  679       3       org.lwjgl.system.MemoryUtil::memPutAddress (29 bytes)
Event: 0.354 Thread 0x000001f0f8c47890 nmethod 679 0x000001f0d6489c10 code [0x000001f0d6489dc0, 0x000001f0d6489fb8]
Event: 0.354 Thread 0x000001f0f8c47890  682       1       java.lang.NamedPackage::module (5 bytes)
Event: 0.354 Thread 0x000001f0f8c47890 nmethod 682 0x000001f0dde87310 code [0x000001f0dde874a0, 0x000001f0dde87578]
Event: 0.354 Thread 0x000001f0febf1700  677       4       java.nio.Buffer::scope (17 bytes)
Event: 0.355 Thread 0x000001f0febf1700 nmethod 677 0x000001f0dde87610 code [0x000001f0dde87780, 0x000001f0dde87818]
Event: 0.355 Thread 0x000001f0febf1700  676   !   4       jdk.internal.misc.ScopedMemoryAccess::getByte (20 bytes)
Event: 0.355 Thread 0x000001f0febf1700 nmethod 676 0x000001f0dde87910 code [0x000001f0dde87a80, 0x000001f0dde87b38]
Event: 0.355 Thread 0x000001f0febf1700  680       4       java.lang.Integer::toUnsignedLong (7 bytes)
Event: 0.356 Thread 0x000001f0febf1700 nmethod 680 0x000001f0dde87c10 code [0x000001f0dde87d80, 0x000001f0dde87dd8]
Event: 0.356 Thread 0x000001f0febf1700  681       4       sun.misc.Unsafe::putLong (11 bytes)
Event: 0.356 Thread 0x000001f0febf1700 nmethod 681 0x000001f0dde87f10 code [0x000001f0dde88080, 0x000001f0dde88118]

GC Heap History (0 events):
No events

Deoptimization events (20 events):
Event: 0.187 Thread 0x000001f0cd31b690 DEOPT PACKING pc=0x000001f0d6439401 sp=0x000000308b3fbaf0
Event: 0.187 Thread 0x000001f0cd31b690 DEOPT UNPACKING pc=0x000001f0dd902b43 sp=0x000000308b3faf68 mode 0
Event: 0.187 Thread 0x000001f0cd31b690 DEOPT PACKING pc=0x000001f0d6439401 sp=0x000000308b3fbaf0
Event: 0.187 Thread 0x000001f0cd31b690 DEOPT UNPACKING pc=0x000001f0dd902b43 sp=0x000000308b3faf68 mode 0
Event: 0.207 Thread 0x000001f0cd31b690 Uncommon trap: trap_request=0xffffff45 fr.pc=0x000001f0dde74898 relative=0x00000000000002d8
Event: 0.207 Thread 0x000001f0cd31b690 Uncommon trap: reason=unstable_if action=reinterpret pc=0x000001f0dde74898 method=java.util.jar.Manifest$FastInputStream.readLine([BII)I @ 48 c2
Event: 0.207 Thread 0x000001f0cd31b690 DEOPT PACKING pc=0x000001f0dde74898 sp=0x000000308b3fc780
Event: 0.207 Thread 0x000001f0cd31b690 DEOPT UNPACKING pc=0x000001f0dd9023a3 sp=0x000000308b3fc718 mode 2
Event: 0.209 Thread 0x000001f0cd31b690 Uncommon trap: trap_request=0xffffffde fr.pc=0x000001f0dde77e24 relative=0x0000000000000464
Event: 0.209 Thread 0x000001f0cd31b690 Uncommon trap: reason=class_check action=maybe_recompile pc=0x000001f0dde77e24 method=java.util.HashMap.getNode(Ljava/lang/Object;)Ljava/util/HashMap$Node; @ 63 c2
Event: 0.209 Thread 0x000001f0cd31b690 DEOPT PACKING pc=0x000001f0dde77e24 sp=0x000000308b3fbba0
Event: 0.209 Thread 0x000001f0cd31b690 DEOPT UNPACKING pc=0x000001f0dd9023a3 sp=0x000000308b3fbab8 mode 2
Event: 0.227 Thread 0x000001f0cd31b690 Uncommon trap: trap_request=0xffffffde fr.pc=0x000001f0dde77e24 relative=0x0000000000000464
Event: 0.227 Thread 0x000001f0cd31b690 Uncommon trap: reason=class_check action=maybe_recompile pc=0x000001f0dde77e24 method=java.util.HashMap.getNode(Ljava/lang/Object;)Ljava/util/HashMap$Node; @ 63 c2
Event: 0.227 Thread 0x000001f0cd31b690 DEOPT PACKING pc=0x000001f0dde77e24 sp=0x000000308b3fdd80
Event: 0.227 Thread 0x000001f0cd31b690 DEOPT UNPACKING pc=0x000001f0dd9023a3 sp=0x000000308b3fdc98 mode 2
Event: 0.347 Thread 0x000001f0cd31b690 Uncommon trap: trap_request=0xffffffde fr.pc=0x000001f0dde77e24 relative=0x0000000000000464
Event: 0.347 Thread 0x000001f0cd31b690 Uncommon trap: reason=class_check action=maybe_recompile pc=0x000001f0dde77e24 method=java.util.HashMap.getNode(Ljava/lang/Object;)Ljava/util/HashMap$Node; @ 63 c2
Event: 0.347 Thread 0x000001f0cd31b690 DEOPT PACKING pc=0x000001f0dde77e24 sp=0x000000308b3fd3e0
Event: 0.347 Thread 0x000001f0cd31b690 DEOPT UNPACKING pc=0x000001f0dd9023a3 sp=0x000000308b3fd2f8 mode 2

Classes unloaded (0 events):
No events

Classes redefined (0 events):
No events

Internal exceptions (20 events):
Event: 0.091 Thread 0x000001f0cd31b690 Exception <a 'java/lang/NoSuchMethodError'{0x0000000629b374e0}: 'void java.lang.invoke.DirectMethodHandle$Holder.invokeSpecial(java.lang.Object, java.lang.Object, java.lang.Object)'> (0x0000000629b374e0) 
thrown [s\open\src\hotspot\share\interpreter\linkResolver.cpp, line 759]
Event: 0.093 Thread 0x000001f0cd31b690 Exception <a 'java/lang/NoSuchMethodError'{0x0000000629b4a868}: 'java.lang.Object java.lang.invoke.DirectMethodHandle$Holder.invokeStatic(java.lang.Object, java.lang.Object, int)'> (0x0000000629b4a868) 
thrown [s\open\src\hotspot\share\interpreter\linkResolver.cpp, line 759]
Event: 0.095 Thread 0x000001f0cd31b690 Exception <a 'java/lang/NoSuchMethodError'{0x0000000629b565d8}: 'void java.lang.invoke.DelegatingMethodHandle$Holder.delegate(java.lang.Object, java.lang.Object, int, java.lang.Object)'> (0x0000000629b565d8) 
thrown [s\open\src\hotspot\share\interpreter\linkResolver.cpp, line 759]
Event: 0.095 Thread 0x000001f0cd31b690 Exception <a 'java/lang/NoSuchMethodError'{0x0000000629b5a818}: 'int java.lang.invoke.DirectMethodHandle$Holder.invokeSpecial(java.lang.Object, java.lang.Object, java.lang.Object)'> (0x0000000629b5a818) 
thrown [s\open\src\hotspot\share\interpreter\linkResolver.cpp, line 759]
Event: 0.135 Thread 0x000001f0cd31b690 Exception <a 'sun/nio/fs/WindowsException'{0x0000000629663e60}> (0x0000000629663e60) 
thrown [s\open\src\hotspot\share\prims\jni.cpp, line 516]
Event: 0.135 Thread 0x000001f0cd31b690 Exception <a 'sun/nio/fs/WindowsException'{0x00000006296643b0}> (0x00000006296643b0) 
thrown [s\open\src\hotspot\share\prims\jni.cpp, line 516]
Event: 0.194 Thread 0x000001f0cd31b690 Exception <a 'java/lang/NoSuchMethodError'{0x0000000629122348}: 'int java.lang.invoke.DirectMethodHandle$Holder.invokeStaticInit(java.lang.Object, java.lang.Object, int, long)'> (0x0000000629122348) 
thrown [s\open\src\hotspot\share\interpreter\linkResolver.cpp, line 759]
Event: 0.195 Thread 0x000001f0cd31b690 Exception <a 'java/lang/NoSuchMethodError'{0x0000000629127c10}: 'java.lang.Object java.lang.invoke.DirectMethodHandle$Holder.newInvokeSpecial(java.lang.Object, java.lang.Object, int)'> (0x0000000629127c10) 
thrown [s\open\src\hotspot\share\interpreter\linkResolver.cpp, line 759]
Event: 0.197 Thread 0x000001f0cd31b690 Exception <a 'java/lang/NoSuchMethodError'{0x0000000629136780}: 'int java.lang.invoke.DirectMethodHandle$Holder.invokeStaticInit(java.lang.Object, java.lang.Object, long, long)'> (0x0000000629136780) 
thrown [s\open\src\hotspot\share\interpreter\linkResolver.cpp, line 759]
Event: 0.197 Thread 0x000001f0cd31b690 Exception <a 'java/lang/NoSuchMethodError'{0x000000062913c890}: 'java.lang.Object java.lang.invoke.DirectMethodHandle$Holder.newInvokeSpecial(java.lang.Object, java.lang.Object, long)'> (0x000000062913c890) 
thrown [s\open\src\hotspot\share\interpreter\linkResolver.cpp, line 759]
Event: 0.198 Thread 0x000001f0cd31b690 Exception <a 'java/lang/NoSuchMethodError'{0x00000006291408d8}: 'java.lang.Object java.lang.invoke.Invokers$Holder.linkToTargetMethod(java.lang.Object, long, java.lang.Object)'> (0x00000006291408d8) 
thrown [s\open\src\hotspot\share\interpreter\linkResolver.cpp, line 759]
Event: 0.198 Thread 0x000001f0cd31b690 Exception <a 'java/lang/NoSuchMethodError'{0x0000000629148058}: 'int java.lang.invoke.DirectMethodHandle$Holder.invokeStaticInit(java.lang.Object, java.lang.Object, java.lang.Object, long)'> (0x0000000629148058) 
thrown [s\open\src\hotspot\share\interpreter\linkResolver.cpp, line 759]
Event: 0.212 Thread 0x000001f0cd31b690 Exception <a 'sun/nio/fs/WindowsException'{0x00000006291ad650}> (0x00000006291ad650) 
thrown [s\open\src\hotspot\share\prims\jni.cpp, line 516]
Event: 0.212 Thread 0x000001f0cd31b690 Exception <a 'sun/nio/fs/WindowsException'{0x00000006291ad9e0}> (0x00000006291ad9e0) 
thrown [s\open\src\hotspot\share\prims\jni.cpp, line 516]
Event: 0.229 Thread 0x000001f0cd31b690 Exception <a 'sun/nio/fs/WindowsException'{0x000000062924d7a0}> (0x000000062924d7a0) 
thrown [s\open\src\hotspot\share\prims\jni.cpp, line 516]
Event: 0.229 Thread 0x000001f0cd31b690 Exception <a 'sun/nio/fs/WindowsException'{0x000000062924db00}> (0x000000062924db00) 
thrown [s\open\src\hotspot\share\prims\jni.cpp, line 516]
Event: 0.349 Thread 0x000001f0cd31b690 Exception <a 'sun/nio/fs/WindowsException'{0x00000006292ecd68}> (0x00000006292ecd68) 
thrown [s\open\src\hotspot\share\prims\jni.cpp, line 516]
Event: 0.349 Thread 0x000001f0cd31b690 Exception <a 'sun/nio/fs/WindowsException'{0x00000006292ed110}> (0x00000006292ed110) 
thrown [s\open\src\hotspot\share\prims\jni.cpp, line 516]
Event: 0.353 Thread 0x000001f0cd31b690 Exception <a 'sun/nio/fs/WindowsException'{0x00000006292ffea0}> (0x00000006292ffea0) 
thrown [s\open\src\hotspot\share\prims\jni.cpp, line 516]
Event: 0.353 Thread 0x000001f0cd31b690 Exception <a 'sun/nio/fs/WindowsException'{0x0000000629300180}> (0x0000000629300180) 
thrown [s\open\src\hotspot\share\prims\jni.cpp, line 516]

VM Operations (2 events):
Event: 0.062 Executing VM operation: HandshakeAllThreads
Event: 0.062 Executing VM operation: HandshakeAllThreads done

Events (20 events):
Event: 0.190 loading class jdk/internal/reflect/UnsafeQualifiedStaticFieldAccessorImpl
Event: 0.190 loading class jdk/internal/reflect/UnsafeQualifiedStaticFieldAccessorImpl done
Event: 0.190 loading class jdk/internal/reflect/UnsafeQualifiedStaticObjectFieldAccessorImpl done
Event: 0.193 loading class java/util/function/LongPredicate
Event: 0.193 loading class java/util/function/LongPredicate done
Event: 0.195 loading class jdk/internal/access/foreign/MemorySegmentProxy
Event: 0.195 loading class jdk/internal/access/foreign/MemorySegmentProxy done
Event: 0.200 loading class java/nio/InvalidMarkException
Event: 0.200 loading class java/nio/InvalidMarkException done
Event: 0.200 loading class java/nio/BufferUnderflowException
Event: 0.200 loading class java/nio/BufferUnderflowException done
Event: 0.212 loading class java/lang/NoSuchFieldError
Event: 0.212 loading class java/lang/NoSuchFieldError done
Event: 0.232 loading class jdk/internal/reflect/UnsafeQualifiedStaticIntegerFieldAccessorImpl
Event: 0.232 loading class jdk/internal/reflect/UnsafeQualifiedStaticIntegerFieldAccessorImpl done
Event: 0.341 Thread 0x000001f0c51ab140 Thread exited: 0x000001f0c51ab140
Event: 0.350 Loaded shared library C:\Users\nht25\AppData\Local\Temp\lwjgl_nht25\3.3.2+13\x64\lwjgl_opengl.dll
Event: 0.352 loading class jdk/internal/misc/ScopedMemoryAccess$Scope
Event: 0.352 loading class jdk/internal/misc/ScopedMemoryAccess$Scope done
Event: 0.354 Thread 0x000001f0febf1700 Thread added: 0x000001f0febf1700


Dynamic libraries:
0x00007ff609d50000 - 0x00007ff609d60000 	C:\Program Files\Java\jdk-17\bin\java.exe
0x00007ff9bfad0000 - 0x00007ff9bfce4000 	C:\WINDOWS\SYSTEM32\ntdll.dll
0x00007ff9be210000 - 0x00007ff9be2d4000 	C:\WINDOWS\System32\KERNEL32.DLL
0x00007ff9bcfd0000 - 0x00007ff9bd374000 	C:\WINDOWS\System32\KERNELBASE.dll
0x00007ff9bd600000 - 0x00007ff9bd711000 	C:\WINDOWS\System32\ucrtbase.dll
0x00007ff99ff00000 - 0x00007ff99ff19000 	C:\Program Files\Java\jdk-17\bin\jli.dll
0x00007ff99d110000 - 0x00007ff99d12b000 	C:\Program Files\Java\jdk-17\bin\VCRUNTIME140.dll
0x00007ff9beda0000 - 0x00007ff9bee50000 	C:\WINDOWS\System32\ADVAPI32.dll
0x00007ff9bf1b0000 - 0x00007ff9bf257000 	C:\WINDOWS\System32\msvcrt.dll
0x00007ff9bee50000 - 0x00007ff9beef6000 	C:\WINDOWS\System32\sechost.dll
0x00007ff9bd9b0000 - 0x00007ff9bdac7000 	C:\WINDOWS\System32\RPCRT4.dll
0x00007ff9bdb80000 - 0x00007ff9bdd2e000 	C:\WINDOWS\System32\USER32.dll
0x00007ff9a6f80000 - 0x00007ff9a7213000 	C:\WINDOWS\WinSxS\amd64_microsoft.windows.common-controls_6595b64144ccf1df_6.0.22621.2215_none_270d72677387dfc3\COMCTL32.dll
0x00007ff9bce80000 - 0x00007ff9bcea6000 	C:\WINDOWS\System32\win32u.dll
0x00007ff9bdb50000 - 0x00007ff9bdb79000 	C:\WINDOWS\System32\GDI32.dll
0x00007ff9bceb0000 - 0x00007ff9bcfc8000 	C:\WINDOWS\System32\gdi32full.dll
0x00007ff9bd380000 - 0x00007ff9bd41a000 	C:\WINDOWS\System32\msvcp_win.dll
0x00007ff9b8760000 - 0x00007ff9b876a000 	C:\WINDOWS\SYSTEM32\VERSION.dll
0x00007ff9be2e0000 - 0x00007ff9be311000 	C:\WINDOWS\System32\IMM32.DLL
0x00007ff9b70e0000 - 0x00007ff9b70ec000 	C:\Program Files\Java\jdk-17\bin\vcruntime140_1.dll
0x00007ff988cf0000 - 0x00007ff988d7e000 	C:\Program Files\Java\jdk-17\bin\msvcp140.dll
0x00007ff96e0e0000 - 0x00007ff96ecbe000 	C:\Program Files\Java\jdk-17\bin\server\jvm.dll
0x00007ff9bdad0000 - 0x00007ff9bdad8000 	C:\WINDOWS\System32\PSAPI.DLL
0x00007ff9b2860000 - 0x00007ff9b2869000 	C:\WINDOWS\SYSTEM32\WSOCK32.dll
0x00007ff9bdd40000 - 0x00007ff9bddb1000 	C:\WINDOWS\System32\WS2_32.dll
0x00007ff9b8b50000 - 0x00007ff9b8b84000 	C:\WINDOWS\SYSTEM32\WINMM.dll
0x00007ff9bbf30000 - 0x00007ff9bbf48000 	C:\WINDOWS\SYSTEM32\kernel.appcore.dll
0x00007ff9b4b10000 - 0x00007ff9b4b1a000 	C:\Program Files\Java\jdk-17\bin\jimage.dll
0x00007ff9af1f0000 - 0x00007ff9af41e000 	C:\WINDOWS\SYSTEM32\DBGHELP.DLL
0x00007ff9be320000 - 0x00007ff9be6aa000 	C:\WINDOWS\System32\combase.dll
0x00007ff9bdf70000 - 0x00007ff9be047000 	C:\WINDOWS\System32\OLEAUT32.dll
0x00007ff9ae7a0000 - 0x00007ff9ae7d2000 	C:\WINDOWS\SYSTEM32\dbgcore.DLL
0x00007ff9bd7e0000 - 0x00007ff9bd85a000 	C:\WINDOWS\System32\bcryptPrimitives.dll
0x00007ff9920c0000 - 0x00007ff9920e5000 	C:\Program Files\Java\jdk-17\bin\java.dll
0x00007ff9782e0000 - 0x00007ff9783b7000 	C:\Program Files\Java\jdk-17\bin\jsvml.dll
0x00007ff9bf260000 - 0x00007ff9bfa83000 	C:\WINDOWS\System32\SHELL32.dll
0x00007ff9badd0000 - 0x00007ff9bb6ba000 	C:\WINDOWS\SYSTEM32\windows.storage.dll
0x00007ff9bac90000 - 0x00007ff9badce000 	C:\WINDOWS\SYSTEM32\wintypes.dll
0x00007ff9bd860000 - 0x00007ff9bd953000 	C:\WINDOWS\System32\SHCORE.dll
0x00007ff9bed30000 - 0x00007ff9bed8e000 	C:\WINDOWS\System32\shlwapi.dll
0x00007ff9bcdb0000 - 0x00007ff9bcdd6000 	C:\WINDOWS\SYSTEM32\profapi.dll
0x00007ff99a390000 - 0x00007ff99a3a9000 	C:\Program Files\Java\jdk-17\bin\net.dll
0x00007ff9b96a0000 - 0x00007ff9b97d7000 	C:\WINDOWS\SYSTEM32\WINHTTP.dll
0x00007ff9bc400000 - 0x00007ff9bc469000 	C:\WINDOWS\system32\mswsock.dll
0x00007ff998200000 - 0x00007ff998216000 	C:\Program Files\Java\jdk-17\bin\nio.dll
0x00007ff997c30000 - 0x00007ff997c48000 	C:\Program Files\Java\jdk-17\bin\zip.dll
0x00007ff978470000 - 0x00007ff9784ea000 	C:\Users\nht25\AppData\Local\Temp\lwjgl_nht25\3.3.2+13\x64\lwjgl.dll
0x00007ff96de70000 - 0x00007ff96e0e0000 	C:\Users\nht25\AppData\Local\Temp\lwjgl_nht25\3.3.2+13\x64\jemalloc.dll
0x00007ff96dde0000 - 0x00007ff96de62000 	C:\Users\nht25\AppData\Local\Temp\lwjgl_nht25\3.3.2+13\x64\glfw.dll
0x00007ff987f00000 - 0x00007ff987f46000 	C:\WINDOWS\SYSTEM32\dinput8.dll
0x00007ff9920a0000 - 0x00007ff9920b1000 	C:\WINDOWS\SYSTEM32\xinput1_4.dll
0x00007ff9bcb70000 - 0x00007ff9bcbbe000 	C:\WINDOWS\SYSTEM32\cfgmgr32.dll
0x00007ff9bcb40000 - 0x00007ff9bcb6c000 	C:\WINDOWS\SYSTEM32\DEVOBJ.dll
0x00007ff9ba590000 - 0x00007ff9ba5bb000 	C:\WINDOWS\SYSTEM32\dwmapi.dll
0x00007ff9a20e0000 - 0x00007ff9a22ea000 	C:\WINDOWS\SYSTEM32\inputhost.dll
0x00007ff9b6920000 - 0x00007ff9b6a53000 	C:\WINDOWS\SYSTEM32\CoreMessaging.dll
0x00007ff9ba310000 - 0x00007ff9ba3bb000 	C:\WINDOWS\system32\uxtheme.dll
0x00007ff9be6d0000 - 0x00007ff9be819000 	C:\WINDOWS\System32\MSCTF.dll
0x00007ff9bc630000 - 0x00007ff9bc63c000 	C:\WINDOWS\SYSTEM32\CRYPTBASE.DLL
0x00007ff956450000 - 0x00007ff956550000 	C:\WINDOWS\SYSTEM32\opengl32.dll
0x00007ff955f30000 - 0x00007ff955f5d000 	C:\WINDOWS\SYSTEM32\GLU32.dll
0x00007ff9ba600000 - 0x00007ff9ba638000 	C:\WINDOWS\SYSTEM32\dxcore.dll
0x00007ff9b2890000 - 0x00007ff9b28da000 	C:\WINDOWS\SYSTEM32\directxdatabasehelper.dll
0x00007ff9bde40000 - 0x00007ff9bdef0000 	C:\WINDOWS\System32\clbcatq.dll
0x00007ff9975d0000 - 0x00007ff9975fd000 	C:\WINDOWS\System32\DriverStore\FileRepository\u0388886.inf_amd64_28a1b79ad1509517\B385477\atig6pxx.dll
0x00007ff922b50000 - 0x00007ff9267db000 	C:\WINDOWS\System32\DriverStore\FileRepository\u0388886.inf_amd64_28a1b79ad1509517\B385477\atio6axx.dll
0x00007ff9be820000 - 0x00007ff9bec94000 	C:\WINDOWS\System32\SETUPAPI.dll
0x00007ff9bd590000 - 0x00007ff9bd5fb000 	C:\WINDOWS\System32\WINTRUST.dll
0x00007ff9bd420000 - 0x00007ff9bd586000 	C:\WINDOWS\System32\CRYPT32.dll
0x00007ff9bc690000 - 0x00007ff9bc6a2000 	C:\WINDOWS\SYSTEM32\MSASN1.dll
0x00007ff9bc850000 - 0x00007ff9bc878000 	C:\WINDOWS\SYSTEM32\BCrypt.dll
0x00007ff97c740000 - 0x00007ff97c79e000 	C:\Users\nht25\AppData\Local\Temp\lwjgl_nht25\3.3.2+13\x64\lwjgl_opengl.dll

dbghelp: loaded successfully - version: 4.0.5 - missing functions: none
symbol engine: initialized successfully - sym options: 0x614 - pdb path: .;C:\Program Files\Java\jdk-17\bin;C:\WINDOWS\SYSTEM32;C:\WINDOWS\WinSxS\amd64_microsoft.windows.common-controls_6595b64144ccf1df_6.0.22621.2215_none_270d72677387dfc3;C:\Program Files\Java\jdk-17\bin\server;C:\Users\nht25\AppData\Local\Temp\lwjgl_nht25\3.3.2+13\x64;C:\WINDOWS\System32\DriverStore\FileRepository\u0388886.inf_amd64_28a1b79ad1509517\B385477

VM Arguments:
jvm_args: -XX:+ShowCodeDetailsInExceptionMessages 
java_command: com.example.Main
java_class_path (initial): C:\DontSleep404\DHMT\demo\target\classes;C:\Users\nht25\.m2\repository\org\lwjgl\lwjgl\3.3.2\lwjgl-3.3.2.jar;C:\Users\nht25\.m2\repository\org\lwjgl\lwjgl-assimp\3.3.2\lwjgl-assimp-3.3.2.jar;C:\Users\nht25\.m2\repository\org\lwjgl\lwjgl-bgfx\3.3.2\lwjgl-bgfx-3.3.2.jar;C:\Users\nht25\.m2\repository\org\lwjgl\lwjgl-cuda\3.3.2\lwjgl-cuda-3.3.2.jar;C:\Users\nht25\.m2\repository\org\lwjgl\lwjgl-egl\3.3.2\lwjgl-egl-3.3.2.jar;C:\Users\nht25\.m2\repository\org\lwjgl\lwjgl-fmod\3.3.2\lwjgl-fmod-3.3.2.jar;C:\Users\nht25\.m2\repository\org\lwjgl\lwjgl-freetype\3.3.2\lwjgl-freetype-3.3.2.jar;C:\Users\nht25\.m2\repository\org\lwjgl\lwjgl-glfw\3.3.2\lwjgl-glfw-3.3.2.jar;C:\Users\nht25\.m2\repository\org\lwjgl\lwjgl-harfbuzz\3.3.2\lwjgl-harfbuzz-3.3.2.jar;C:\Users\nht25\.m2\repository\org\lwjgl\lwjgl-hwloc\3.3.2\lwjgl-hwloc-3.3.2.jar;C:\Users\nht25\.m2\repository\org\lwjgl\lwjgl-jawt\3.3.2\lwjgl-jawt-3.3.2.jar;C:\Users\nht25\.m2\repository\org\lwjgl\lwjgl-jemalloc\3.3.2\lwjgl-jemalloc-3.3.2.jar;C:\Users\nht25\.m2\repository\org\lwjgl\lwjgl-ktx\3.3.2\lwjgl-ktx-3.3.2.jar;C:\Users\nht25\.m2\repository\org\lwjgl\lwjgl-libdivide\3.3.2\lwjgl-libdivide-3.3.2.jar;C:\Users\nht25\.m2\repository\org\lwjgl\lwjgl-llvm\3.3.2\lwjgl-llvm-3.3.2.jar;C:\Users\nht25\.m2\repository\org\lwjgl\lwjgl-lmdb\3.3.2\lwjgl-lmdb-3.3.2.jar;C:\Users\nht25\.m2\repository\org\lwjgl\lwjgl-lz4\3.3.2\lwjgl-lz4-3.3.2.jar;C:\Users\nht25\.m2\repository\org\lwjgl\lwjgl-meow\3.3.2\lwjgl-meow-3.3.2.jar;C:\Users\nht25\.m2\repository\org\lwjgl\lwjgl-meshoptimizer\3.3.2\lwjgl-meshoptimizer-3.3.2.jar;C:\Users\nht25\.m2\repository\org\lwjgl\lwjgl-nanovg\3.3.2\lwjgl-nanovg-3.3.2.jar;C:\Users\nht25\.m2\repository\org\lwjgl\lwjgl-nfd\3.3.2\lwjgl-nfd-3.3.2.jar;C:\Users\nht25\.m2\repository\org\lwjgl\lwjgl-nuklear\3.3.2\lwjgl-nuklear-3.3.2.jar;C:\Users\nht25\.m2\repository\org\lwjgl\lwjgl-odbc\3.3.2\lwjgl-odbc-3.3.2.jar;C:\Users\nht25\.m2\repository\org\lwjgl\lwjgl-openal\3.3.2\lwjgl-openal-3.3.2.jar;C:\U
Launcher Type: SUN_STANDARD

[Global flags]
     intx CICompilerCount                          = 4                                         {product} {ergonomic}
     uint ConcGCThreads                            = 3                                         {product} {ergonomic}
     uint G1ConcRefinementThreads                  = 10                                        {product} {ergonomic}
   size_t G1HeapRegionSize                         = 4194304                                   {product} {ergonomic}
    uintx GCDrainStackTargetSize                   = 64                                        {product} {ergonomic}
   size_t InitialHeapSize                          = 528482304                                 {product} {ergonomic}
   size_t MarkStackSize                            = 4194304                                   {product} {ergonomic}
   size_t MaxHeapSize                              = 8417968128                                {product} {ergonomic}
   size_t MaxNewSize                               = 5049942016                                {product} {ergonomic}
   size_t MinHeapDeltaBytes                        = 4194304                                   {product} {ergonomic}
   size_t MinHeapSize                              = 8388608                                   {product} {ergonomic}
    uintx NonNMethodCodeHeapSize                   = 5839372                                {pd product} {ergonomic}
    uintx NonProfiledCodeHeapSize                  = 122909434                              {pd product} {ergonomic}
    uintx ProfiledCodeHeapSize                     = 122909434                              {pd product} {ergonomic}
    uintx ReservedCodeCacheSize                    = 251658240                              {pd product} {ergonomic}
     bool SegmentedCodeCache                       = true                                      {product} {ergonomic}
     bool ShowCodeDetailsInExceptionMessages       = true                                   {manageable} {command line}
   size_t SoftMaxHeapSize                          = 8417968128                             {manageable} {ergonomic}
     bool UseCompressedClassPointers               = true                           {product lp64_product} {ergonomic}
     bool UseCompressedOops                        = true                           {product lp64_product} {ergonomic}
     bool UseG1GC                                  = true                                      {product} {ergonomic}
     bool UseLargePagesIndividualAllocation        = false                                  {pd product} {ergonomic}

Logging:
Log output configuration:
 #0: stdout all=warning uptime,level,tags
 #1: stderr all=off uptime,level,tags

Environment Variables:
PATH=C:\Program Files\Common Files\Oracle\Java\javapath;C:\Python311\Scripts\;C:\Python311\;C:\WINDOWS\system32;C:\WINDOWS;C:\WINDOWS\System32\Wbem;C:\WINDOWS\System32\WindowsPowerShell\v1.0\;C:\WINDOWS\System32\OpenSSH\;C:\Program Files\Git\cmd;C:\Program Files\nodejs\;C:\ProgramData\chocolatey\bin;C:\Users\nht25\AppData\Local\Microsoft\WindowsApps;C:\Users\nht25\AppData\Local\Programs\Microsoft VS Code\bin;C:\Users\nht25\AppData\Roaming\npm;C:\Program Files (x86)\Dev-Cpp\MinGW32\bin;
USERNAME=nht25
LANG=en_US.UTF-8
OS=Windows_NT
PROCESSOR_IDENTIFIER=AMD64 Family 25 Model 80 Stepping 0, AuthenticAMD



---------------  S Y S T E M  ---------------

OS:
 Windows 11 , 64 bit Build 22621 (10.0.22621.2215)
OS uptime: 0 days 1:41 hours
Hyper-V role detected

CPU: total 12 (initial active 12) (12 cores per cpu, 2 threads per core) family 25 model 80 stepping 0 microcode 0x0, cx8, cmov, fxsr, ht, mmx, 3dnowpref, sse, sse2, sse3, ssse3, sse4a, sse4.1, sse4.2, popcnt, lzcnt, tsc, tscinvbit, avx, avx2, aes, erms, clmul, bmi1, bmi2, adx, sha, fma, vzeroupper, clflush, clflushopt, hv

Memory: 4k page, system-wide physical 32097M (23818M free)
TotalPageFile size 36961M (AvailPageFile size 25197M)
current process WorkingSet (physical memory assigned to process): 117M, peak: 118M
current process commit charge ("private bytes"): 705M, peak: 705M

vm_info: Java HotSpot(TM) 64-Bit Server VM (17.0.8+9-LTS-211) for windows-amd64 JRE (17.0.8+9-LTS-211), built on Jun 14 2023 10:34:31 by "mach5one" with MS VC++ 17.1 (VS2022)

END.
